<?xml version="1.0" encoding="UTF-8"?>
<testng-results skipped="0" failed="0" ignored="0" total="1" passed="1">
  <reporter-output>
  </reporter-output>
  <suite name="Default suite" duration-ms="26083" started-at="2019-09-11T08:39:31Z" finished-at="2019-09-11T08:39:57Z">
    <groups>
    </groups>
    <test name="Default test" duration-ms="26083" started-at="2019-09-11T08:39:31Z" finished-at="2019-09-11T08:39:57Z">
      <class name="com.training.sanity.tests.LoginTests">
        <test-method status="PASS" signature="setUpBeforeClass()[pri:0, instance:com.training.sanity.tests.LoginTests@1593948d]" name="setUpBeforeClass" is-config="true" duration-ms="10" started-at="2019-09-11T14:09:31Z" finished-at="2019-09-11T14:09:31Z">
          <reporter-output>
          </reporter-output>
        </test-method> <!-- setUpBeforeClass -->
        <test-method status="PASS" signature="setUp()[pri:0, instance:com.training.sanity.tests.LoginTests@1593948d]" name="setUp" is-config="true" duration-ms="11917" started-at="2019-09-11T14:09:31Z" finished-at="2019-09-11T14:09:43Z">
          <reporter-output>
          </reporter-output>
        </test-method> <!-- setUp -->
        <test-method status="PASS" signature="RETC_002()[pri:0, instance:com.training.sanity.tests.LoginTests@1593948d]" name="RETC_002" duration-ms="11136" started-at="2019-09-11T14:09:43Z" finished-at="2019-09-11T14:09:54Z">
          <reporter-output>
          </reporter-output>
        </test-method> <!-- RETC_002 -->
        <test-method status="PASS" signature="tearDown()[pri:0, instance:com.training.sanity.tests.LoginTests@1593948d]" name="tearDown" is-config="true" duration-ms="3000" started-at="2019-09-11T14:09:54Z" finished-at="2019-09-11T14:09:57Z">
          <reporter-output>
          </reporter-output>
        </test-method> <!-- tearDown -->
      </class> <!-- com.training.sanity.tests.LoginTests -->
    </test> <!-- Default test -->
  </suite> <!-- Default suite -->
</testng-results>
