<?xml version="1.0" encoding="UTF-8"?>
<testng-results skipped="0" failed="0" ignored="0" total="1" passed="1">
  <reporter-output>
  </reporter-output>
  <suite name="Default suite" duration-ms="34814" started-at="2019-09-11T09:40:08Z" finished-at="2019-09-11T09:40:43Z">
    <groups>
    </groups>
    <test name="Default test" duration-ms="34814" started-at="2019-09-11T09:40:08Z" finished-at="2019-09-11T09:40:43Z">
      <class name="com.training.sanity.tests.AddNewPropertyTests">
        <test-method status="PASS" signature="setUpBeforeClass()[pri:0, instance:com.training.sanity.tests.AddNewPropertyTests@1593948d]" name="setUpBeforeClass" is-config="true" duration-ms="10" started-at="2019-09-11T15:10:08Z" finished-at="2019-09-11T15:10:08Z">
          <reporter-output>
          </reporter-output>
        </test-method> <!-- setUpBeforeClass -->
        <test-method status="PASS" signature="setUp()[pri:0, instance:com.training.sanity.tests.AddNewPropertyTests@1593948d]" name="setUp" is-config="true" duration-ms="11544" started-at="2019-09-11T15:10:08Z" finished-at="2019-09-11T15:10:19Z">
          <reporter-output>
          </reporter-output>
        </test-method> <!-- setUp -->
        <test-method status="PASS" signature="addNewProperty()[pri:0, instance:com.training.sanity.tests.AddNewPropertyTests@1593948d]" name="addNewProperty" duration-ms="22572" started-at="2019-09-11T15:10:19Z" finished-at="2019-09-11T15:10:42Z">
          <reporter-output>
          </reporter-output>
        </test-method> <!-- addNewProperty -->
        <test-method status="PASS" signature="afterMethod()[pri:0, instance:com.training.sanity.tests.AddNewPropertyTests@1593948d]" name="afterMethod" is-config="true" duration-ms="675" started-at="2019-09-11T15:10:42Z" finished-at="2019-09-11T15:10:43Z">
          <reporter-output>
          </reporter-output>
        </test-method> <!-- afterMethod -->
      </class> <!-- com.training.sanity.tests.AddNewPropertyTests -->
    </test> <!-- Default test -->
  </suite> <!-- Default suite -->
</testng-results>
