<?xml version="1.0" encoding="UTF-8"?>
<!-- Generated by org.testng.reporters.JUnitXMLReporter -->
<testsuite hostname="DESKTOP-717NG9L" ignored="0" name="Default test" tests="3" failures="0" timestamp="19 Sep 2019 08:40:56 GMT" time="53.739" errors="0">
  <testcase name="registerDBTest" time="3.194" classname="com.training.regression.tests.RegisterDBTest"/>
  <testcase name="registerDBTest" time="3.041" classname="com.training.regression.tests.RegisterDBTest"/>
  <testcase name="registerDBTest" time="4.235" classname="com.training.regression.tests.RegisterDBTest"/>
</testsuite> <!-- Default test -->
