<?xml version="1.0" encoding="UTF-8"?>
<!-- Generated by org.testng.reporters.JUnitXMLReporter -->
<testsuite hostname="DESKTOP-2IAI0EH" name="Project test" tests="3" failures="0" timestamp="2 Sep 2019 15:25:31 GMT" time="46.378" errors="0">
  <testcase name="@BeforeMethod beforeMethod" time="0.0" classname="com.training.sanity.tests.LostYourPasswordTests">
    <failure type="java.lang.NullPointerException" message="null value in entry: url=null">
      <![CDATA[java.lang.NullPointerException: null value in entry: url=null
	at com.google.common.collect.CollectPreconditions.checkEntryNotNull(CollectPreconditions.java:34)
	at com.google.common.collect.SingletonImmutableBiMap.<init>(SingletonImmutableBiMap.java:42)
	at com.google.common.collect.ImmutableBiMap.of(ImmutableBiMap.java:73)
	at com.google.common.collect.ImmutableMap.of(ImmutableMap.java:123)
	at org.openqa.selenium.remote.RemoteWebDriver.get(RemoteWebDriver.java:310)
	at com.training.sanity.tests.LostYourPasswordTests.beforeMethod(LostYourPasswordTests.java:55)
... Removed 26 stack frames]]>
    </failure>
  </testcase> <!-- @BeforeMethod beforeMethod -->
  <testcase name="@AfterMethod afterMethod" time="0.0" classname="com.training.sanity.tests.LostYourPasswordTests">
    <skipped/>
  </testcase> <!-- @AfterMethod afterMethod -->
  <testcase name="@BeforeMethod beforeMethod" time="0.0" classname="com.training.sanity.tests.LostYourPasswordTests">
    <skipped/>
  </testcase> <!-- @BeforeMethod beforeMethod -->
  <testcase name="@AfterMethod afterMethod" time="0.0" classname="com.training.sanity.tests.LostYourPasswordTests">
    <skipped/>
  </testcase> <!-- @AfterMethod afterMethod -->
  <testcase name="RETC_001" time="5.081" classname="com.training.sanity.tests.RegisterTests"/>
  <testcase name="RETC_003" time="0.002" classname="com.training.sanity.tests.LostYourPasswordTests">
    <skipped/>
  </testcase> <!-- RETC_003 -->
  <testcase name="RETC_001" time="0.001" classname="com.training.sanity.tests.LostYourPasswordTests">
    <skipped/>
  </testcase> <!-- RETC_001 -->
</testsuite> <!-- Project test -->
