<?xml version="1.0" encoding="UTF-8"?>
<!-- Generated by org.testng.reporters.JUnitXMLReporter -->
<testsuite hostname="DESKTOP-2IAI0EH" name="Sample test" tests="3" failures="0" timestamp="29 Aug 2019 08:16:18 GMT" time="54.473" errors="0">
  <testcase name="@BeforeMethod beforeMethod" time="0.0" classname="com.training.sanity.tests.LostYourPasswordTests">
    <failure type="java.lang.NullPointerException">
      <![CDATA[java.lang.NullPointerException
	at com.training.sanity.tests.LostYourPasswordTests.beforeMethod(LostYourPasswordTests.java:47)
... Removed 26 stack frames]]>
    </failure>
  </testcase> <!-- @BeforeMethod beforeMethod -->
  <testcase name="@AfterMethod afterMethod" time="0.0" classname="com.training.sanity.tests.LostYourPasswordTests">
    <skipped/>
  </testcase> <!-- @AfterMethod afterMethod -->
  <testcase name="RETC_001" time="6.092" classname="com.training.sanity.tests.RegisterTests"/>
  <testcase name="RETC_003" time="0.001" classname="com.training.sanity.tests.LostYourPasswordTests">
    <skipped/>
  </testcase> <!-- RETC_003 -->
  <testcase name="RETC_002" time="4.932" classname="com.training.sanity.tests.LoginTests"/>
</testsuite> <!-- Sample test -->
